[29-Apr-2018 12:49:19 Europe/Paris] PHP Notice:  Use of undefined constant OFFICIAL_WEBSITE - assumed 'OFFICIAL_WEBSITE' in /mnt/g/Dev/howtoopenme/website/app/views/soft.php on line 7
[29-Apr-2018 12:49:19 Europe/Paris] PHP Notice:  Use of undefined constant SOFTWARE - assumed 'SOFTWARE' in /mnt/g/Dev/howtoopenme/website/app/views/soft.php on line 11
[29-Apr-2018 12:49:19 Europe/Paris] PHP Notice:  Use of undefined constant POSSIBLE_ACTIONS - assumed 'POSSIBLE_ACTIONS' in /mnt/g/Dev/howtoopenme/website/app/views/soft.php on line 11
[29-Apr-2018 12:49:19 Europe/Paris] PHP Notice:  Use of undefined constant FREEWARE - assumed 'FREEWARE' in /mnt/g/Dev/howtoopenme/website/app/views/soft.php on line 11
[29-Apr-2018 12:49:19 Europe/Paris] PHP Notice:  Use of undefined constant READ - assumed 'READ' in /mnt/g/Dev/howtoopenme/website/app/views/soft.php on line 12
[29-Apr-2018 12:49:19 Europe/Paris] PHP Notice:  Use of undefined constant WRITE - assumed 'WRITE' in /mnt/g/Dev/howtoopenme/website/app/views/soft.php on line 12
[29-Apr-2018 12:49:19 Europe/Paris] PHP Notice:  Use of undefined constant EXECUTE - assumed 'EXECUTE' in /mnt/g/Dev/howtoopenme/website/app/views/soft.php on line 12
[29-Apr-2018 12:49:20 Europe/Paris] PHP Notice:  Use of undefined constant OFFICIAL_WEBSITE - assumed 'OFFICIAL_WEBSITE' in /mnt/g/Dev/howtoopenme/website/app/views/soft.php on line 7
[29-Apr-2018 12:49:20 Europe/Paris] PHP Notice:  Use of undefined constant SOFTWARE - assumed 'SOFTWARE' in /mnt/g/Dev/howtoopenme/website/app/views/soft.php on line 11
[29-Apr-2018 12:49:20 Europe/Paris] PHP Notice:  Use of undefined constant POSSIBLE_ACTIONS - assumed 'POSSIBLE_ACTIONS' in /mnt/g/Dev/howtoopenme/website/app/views/soft.php on line 11
[29-Apr-2018 12:49:20 Europe/Paris] PHP Notice:  Use of undefined constant FREEWARE - assumed 'FREEWARE' in /mnt/g/Dev/howtoopenme/website/app/views/soft.php on line 11
[29-Apr-2018 12:49:20 Europe/Paris] PHP Notice:  Use of undefined constant READ - assumed 'READ' in /mnt/g/Dev/howtoopenme/website/app/views/soft.php on line 12
[29-Apr-2018 12:49:20 Europe/Paris] PHP Notice:  Use of undefined constant WRITE - assumed 'WRITE' in /mnt/g/Dev/howtoopenme/website/app/views/soft.php on line 12
[29-Apr-2018 12:49:20 Europe/Paris] PHP Notice:  Use of undefined constant EXECUTE - assumed 'EXECUTE' in /mnt/g/Dev/howtoopenme/website/app/views/soft.php on line 12
[29-Apr-2018 12:52:58 Europe/Paris] PHP Notice:  Use of undefined constant FREEWARE - assumed 'FREEWARE' in /mnt/g/Dev/howtoopenme/website/app/views/soft.php on line 11
[29-Apr-2018 12:55:45 Europe/Paris] PHP Notice:  Undefined variable: software in /mnt/g/Dev/howtoopenme/website/app/views/soft.php on line 18
[29-Apr-2018 12:56:02 Europe/Paris] PHP Notice:  Undefined index: ext in /mnt/g/Dev/howtoopenme/website/app/views/soft.php on line 18
[29-Apr-2018 12:56:10 Europe/Paris] PHP Notice:  Undefined index: ext in /mnt/g/Dev/howtoopenme/website/app/views/soft.php on line 18
[29-Apr-2018 12:56:28 Europe/Paris] PHP Notice:  Undefined index: ext in /mnt/g/Dev/howtoopenme/website/app/views/soft.php on line 18
[29-Apr-2018 12:56:33 Europe/Paris] PHP Notice:  Undefined index: ext in /mnt/g/Dev/howtoopenme/website/app/views/soft.php on line 18
[29-Apr-2018 13:02:52 Europe/Paris] PHP Fatal error:  Uncaught Error: Cannot use object of type stdClass as array in /mnt/g/Dev/howtoopenme/website/app/views/search.php:19
Stack trace:
#0 /mnt/g/Dev/howtoopenme/website/app/views/mainstruct.php(43): include()
#1 /mnt/g/Dev/howtoopenme/website/public/index.php(20): include('/mnt/g/Dev/howt...')
#2 {main}
  thrown in /mnt/g/Dev/howtoopenme/website/app/views/search.php on line 19
[29-Apr-2018 13:03:21 Europe/Paris] PHP Fatal error:  Uncaught Error: Cannot use object of type stdClass as array in /mnt/g/Dev/howtoopenme/website/app/views/search.php:20
Stack trace:
#0 /mnt/g/Dev/howtoopenme/website/app/views/mainstruct.php(43): include()
#1 /mnt/g/Dev/howtoopenme/website/public/index.php(20): include('/mnt/g/Dev/howt...')
#2 {main}
  thrown in /mnt/g/Dev/howtoopenme/website/app/views/search.php on line 20
